<?xml version="1.0" encoding="UTF-8"?>
<testng-results skipped="0" failed="0" ignored="0" total="1" passed="1">
  <reporter-output>
  </reporter-output>
  <suite name="Default suite" duration-ms="14322" started-at="2021-01-31T12:18:23 EST" finished-at="2021-01-31T12:18:38 EST">
    <groups>
    </groups>
    <test name="Default test" duration-ms="14322" started-at="2021-01-31T12:18:23 EST" finished-at="2021-01-31T12:18:38 EST">
      <class name="com.webappsecurity.zero.TestScripts.verifyFundTransferTest">
        <test-method status="PASS" signature="openApp()[pri:0, instance:com.webappsecurity.zero.TestScripts.verifyFundTransferTest@7f13d6e]" name="openApp" is-config="true" duration-ms="6280" started-at="2021-01-31T12:18:23 EST" finished-at="2021-01-31T12:18:30 EST">
          <reporter-output>
          </reporter-output>
        </test-method> <!-- openApp -->
        <test-method status="PASS" signature="verifyFundTransfer()[pri:0, instance:com.webappsecurity.zero.TestScripts.verifyFundTransferTest@7f13d6e]" name="verifyFundTransfer" duration-ms="7967" started-at="2021-01-31T12:18:30 EST" finished-at="2021-01-31T12:18:38 EST">
          <reporter-output>
          </reporter-output>
        </test-method> <!-- verifyFundTransfer -->
        <test-method status="PASS" signature="closeapp()[pri:0, instance:com.webappsecurity.zero.TestScripts.verifyFundTransferTest@7f13d6e]" name="closeapp" is-config="true" duration-ms="42" started-at="2021-01-31T12:18:38 EST" finished-at="2021-01-31T12:18:38 EST">
          <reporter-output>
          </reporter-output>
        </test-method> <!-- closeapp -->
      </class> <!-- com.webappsecurity.zero.TestScripts.verifyFundTransferTest -->
    </test> <!-- Default test -->
  </suite> <!-- Default suite -->
</testng-results>
