<?xml version="1.0" encoding="UTF-8"?>
<!-- Generated by org.testng.reporters.JUnitXMLReporter -->
<testsuite hostname="DESKTOP-UG2OBST" ignored="0" name="Chrome_Test" tests="1" failures="1" timestamp="2021-01-31T12:10:23 EST" time="6.411" errors="0">
  <testcase name="verifyFundTransfer" time="0.022" classname="com.webappsecurity.zero.TestScriptsMultiBrowser.VerifyFundsTrsfrMultiBrowser">
    <failure type="java.io.FileNotFoundException" message="G:\Selenium_19_6\Frameworks\TestData\TestDataSheet.xlsx (The system cannot find the path specified)">
      <![CDATA[java.io.FileNotFoundException: G:\Selenium_19_6\Frameworks\TestData\TestDataSheet.xlsx (The system cannot find the path specified)
at java.io.FileInputStream.open0(Native Method)
at java.io.FileInputStream.open(Unknown Source)
at java.io.FileInputStream.<init>(Unknown Source)
at utils.GenericMethods.getData(GenericMethods.java:18)
at com.webappsecurity.zero.TestScriptsMultiBrowser.VerifyFundsTrsfrMultiBrowser.verifyFundTransfer(VerifyFundsTrsfrMultiBrowser.java:26)
at java.util.ArrayList.forEach(Unknown Source)
... Removed 27 stack frames]]>
    </failure>
  </testcase> <!-- verifyFundTransfer -->
</testsuite> <!-- Chrome_Test -->
